<html>
<head>
<title>TestNG:  Test</title>
<link href="../testng.css" rel="stylesheet" type="text/css" />
<link href="../my-testng.css" rel="stylesheet" type="text/css" />

<style type="text/css">
.log { display: none;} 
.stack-trace { display: none;} 
</style>
<script type="text/javascript">
<!--
function flip(e) {
  current = e.style.display;
  if (current == 'block') {
    e.style.display = 'none';
    return 0;
  }
  else {
    e.style.display = 'block';
    return 1;
  }
}

function toggleBox(szDivId, elem, msg1, msg2)
{
  var res = -1;  if (document.getElementById) {
    res = flip(document.getElementById(szDivId));
  }
  else if (document.all) {
    // this is the way old msie versions work
    res = flip(document.all[szDivId]);
  }
  if(elem) {
    if(res == 0) elem.innerHTML = msg1; else elem.innerHTML = msg2;
  }

}

function toggleAllBoxes() {
  if (document.getElementsByTagName) {
    d = document.getElementsByTagName('div');
    for (i = 0; i < d.length; i++) {
      if (d[i].className == 'log') {
        flip(d[i]);
      }
    }
  }
}

// -->
</script>

</head>
<body>
<h2 align='center'>Test</h2><table border='1' align="center">
<tr>
<td>Tests passed/Failed/Skipped:</td><td>20/1/0</td>
</tr><tr>
<td>Started on:</td><td>Tue Jul 26 16:07:47 IST 2022</td>
</tr>
<tr><td>Total time:</td><td>50 seconds (50281 ms)</td>
</tr><tr>
<td>Included groups:</td><td></td>
</tr><tr>
<td>Excluded groups:</td><td></td>
</tr>
</table><p/>
<small><i>(Hover the method name to see the test class name)</i></small><p/>
<table width='100%' border='1' class='invocation-failed'>
<tr><td colspan='4' align='center'><b>FAILED TESTS</b></td></tr>
<tr><td><b>Test method</b></td>
<td width="30%"><b>Exception</b></td>
<td width="10%"><b>Time (seconds)</b></td>
<td><b>Instance</b></td>
</tr>
<tr>
<td title='Runner.RunnerTest.runScenario()'><b>runScenario</b><br>Test class: Runner.RunnerTest<br>Test method: Runs Cucumber Scenarios<br>Parameters: "Successful Signup with Valid entries", "Optional[Validate Signup functionality]"</td>
<td><div><pre>org.openqa.selenium.TimeoutException: Expected condition failed: waiting for visibility of Proxy element for: DefaultElementLocator &apos;By.xpath: //a[@data-test=&apos;preorder.profile.orders-history-link&apos;]//span[2]&apos; (tried for 30 second(s) with 500 milliseconds interval)
	at org.openqa.selenium.support.ui.WebDriverWait.timeoutException(WebDriverWait.java:138)
	at org.openqa.selenium.support.ui.FluentWait.until(FluentWait.java:231)
	at Runner.UIStepDefs.signup_must_be_successful(UIStepDefs.java:91)
	at ✽.Signup must be successful(file:///Users/anirbanroy/eclipse-workspace/VitaMojoAssignment/src/test/resources/features/ui/signup.feature:9)
Caused by: org.openqa.selenium.NoSuchElementException: no such element: Unable to locate element: {&quot;method&quot;:&quot;xpath&quot;,&quot;selector&quot;:&quot;//a[@data-test=&apos;preorder.profile.orders-history-link&apos;]//span[2]&quot;}
  (Session info: chrome=103.0.5060.134)
For documentation on this error, please visit: https://selenium.dev/exceptions/#no_such_element
Build info: version: &apos;4.0.0&apos;, revision: &apos;3a21814679&apos;
System info: host: &apos;Anirbans-MacBook-Air.local&apos;, ip: &apos;fe80:0:0:0:458:2529:c144:274c%en0&apos;, os.name: &apos;Mac OS X&apos;, os.arch: &apos;aarch64&apos;, os.version: &apos;12.5&apos;, java.version: &apos;18.0.2&apos;
Driver info: org.openqa.selenium.chrome.ChromeDriver
Command: [d047bf2b64881787f07f0d4edbe9068e, findElement {using=xpath, value=//a[@data-test=&apos;preorder.profile.orders-history-link&apos;]//span[2]}]
Capabilities {acceptInsecureCerts: false, browserName: chrome, browserVersion: 103.0.5060.134, chrome: {chromedriverVersion: 103.0.5060.134 (8ec6fce403b..., userDataDir: /var/folders/q2/k3729y2s5zz...}, goog:chromeOptions: {debuggerAddress: localhost:62554}, javascriptEnabled: true, networkConnectionEnabled: false, pageLoadStrategy: normal, platform: MAC, platformName: MAC, proxy: Proxy(), se:cdp: ws://localhost:62554/devtoo..., se:cdpVersion: 103.0.5060.134, setWindowRect: true, strictFileInteractability: false, timeouts: {implicit: 0, pageLoad: 300000, script: 30000}, unhandledPromptBehavior: dismiss and notify, webauthn:extension:credBlob: true, webauthn:extension:largeBlob: true, webauthn:virtualAuthenticators: true}
Session ID: d047bf2b64881787f07f0d4edbe9068e
	at org.openqa.selenium.remote.codec.w3c.W3CHttpResponseCodec.createException(W3CHttpResponseCodec.java:200)
	at org.openqa.selenium.remote.codec.w3c.W3CHttpResponseCodec.decode(W3CHttpResponseCodec.java:133)
	at org.openqa.selenium.remote.codec.w3c.W3CHttpResponseCodec.decode(W3CHttpResponseCodec.java:53)
	at org.openqa.selenium.remote.HttpCommandExecutor.execute(HttpCommandExecutor.java:184)
	at org.openqa.selenium.remote.service.DriverCommandExecutor.invokeExecute(DriverCommandExecutor.java:164)
	at org.openqa.selenium.remote.service.DriverCommandExecutor.execute(DriverCommandExecutor.java:139)
	at org.openqa.selenium.remote.RemoteWebDriver.execute(RemoteWebDriver.java:559)
	at org.openqa.selenium.remote.ElementLocation$ElementFinder$2.findElement(ElementLocation.java:162)
	at org.openqa.selenium.remote.ElementLocation.findElement(ElementLocation.java:60)
	at org.openqa.selenium.remote.RemoteWebDriver.findElement(RemoteWebDriver.java:383)
	at org.openqa.selenium.remote.RemoteWebDriver.findElement(RemoteWebDriver.java:375)
	at org.openqa.selenium.support.pagefactory.DefaultElementLocator.findElement(DefaultElementLocator.java:70)
	at org.openqa.selenium.support.pagefactory.internal.LocatingElementHandler.invoke(LocatingElementHandler.java:39)
	at jdk.proxy2/jdk.proxy2.$Proxy32.isDisplayed(Unknown Source)
	at org.openqa.selenium.support.ui.ExpectedConditions.elementIfVisible(ExpectedConditions.java:307)
	at org.openqa.selenium.support.ui.ExpectedConditions.access$000(ExpectedConditions.java:40)
	at org.openqa.selenium.support.ui.ExpectedConditions$10.apply(ExpectedConditions.java:293)
	at org.openqa.selenium.support.ui.ExpectedConditions$10.apply(ExpectedConditions.java:290)
	at org.openqa.selenium.support.ui.FluentWait.until(FluentWait.java:208)
	at Runner.UIStepDefs.signup_must_be_successful(UIStepDefs.java:91)
	at io.cucumber.java.Invoker.doInvoke(Invoker.java:66)
	at io.cucumber.java.Invoker.invoke(Invoker.java:24)
	at io.cucumber.java.AbstractGlueDefinition.invokeMethod(AbstractGlueDefinition.java:47)
	at io.cucumber.java.JavaStepDefinition.execute(JavaStepDefinition.java:29)
	at io.cucumber.core.runner.CoreStepDefinition.execute(CoreStepDefinition.java:66)
	at io.cucumber.core.runner.PickleStepDefinitionMatch.runStep(PickleStepDefinitionMatch.java:63)
	at io.cucumber.core.runner.ExecutionMode$1.execute(ExecutionMode.java:10)
	at io.cucumber.core.runner.TestStep.executeStep(TestStep.java:85)
	at io.cucumber.core.runner.TestStep.run(TestStep.java:57)
	at io.cucumber.core.runner.PickleStepTestStep.run(PickleStepTestStep.java:51)
	at io.cucumber.core.runner.TestCase.run(TestCase.java:84)
	at io.cucumber.core.runner.Runner.runPickle(Runner.java:75)
	at io.cucumber.testng.TestNGCucumberRunner.lambda$runScenario$1(TestNGCucumberRunner.java:132)
	at io.cucumber.core.runtime.CucumberExecutionContext.lambda$runTestCase$5(CucumberExecutionContext.java:129)
	at io.cucumber.core.runtime.RethrowingThrowableCollector.executeAndThrow(RethrowingThrowableCollector.java:23)
	at io.cucumber.core.runtime.CucumberExecutionContext.runTestCase(CucumberExecutionContext.java:129)
	at io.cucumber.testng.TestNGCucumberRunner.runScenario(TestNGCucumberRunner.java:129)
	at io.cucumber.testng.AbstractTestNGCucumberTests.runScenario(AbstractTestNGCucumberTests.java:35)
	at java.base/java.util.concurrent.FutureTask.run(FutureTask.java:264)
	at java.base/java.util.concurrent.Executors$RunnableAdapter.call(Executors.java:539)
	at java.base/java.util.concurrent.FutureTask.run(FutureTask.java:264)
	at java.base/java.util.concurrent.ThreadPoolExecutor.runWorker(ThreadPoolExecutor.java:1136)
	at java.base/java.util.concurrent.ThreadPoolExecutor$Worker.run(ThreadPoolExecutor.java:635)
	at java.base/java.lang.Thread.run(Thread.java:833)
... Removed 12 stack frames</pre></div><a href='#' onClick='toggleBox("stack-trace1959126063", this, "Click to show all stack frames", "Click to hide stack frames")'>Click to show all stack frames</a>
<div class='stack-trace' id='stack-trace1959126063'><pre>org.openqa.selenium.TimeoutException: Expected condition failed: waiting for visibility of Proxy element for: DefaultElementLocator &apos;By.xpath: //a[@data-test=&apos;preorder.profile.orders-history-link&apos;]//span[2]&apos; (tried for 30 second(s) with 500 milliseconds interval)
	at org.openqa.selenium.support.ui.WebDriverWait.timeoutException(WebDriverWait.java:138)
	at org.openqa.selenium.support.ui.FluentWait.until(FluentWait.java:231)
	at Runner.UIStepDefs.signup_must_be_successful(UIStepDefs.java:91)
	at ✽.Signup must be successful(file:///Users/anirbanroy/eclipse-workspace/VitaMojoAssignment/src/test/resources/features/ui/signup.feature:9)
Caused by: org.openqa.selenium.NoSuchElementException: no such element: Unable to locate element: {&quot;method&quot;:&quot;xpath&quot;,&quot;selector&quot;:&quot;//a[@data-test=&apos;preorder.profile.orders-history-link&apos;]//span[2]&quot;}
  (Session info: chrome=103.0.5060.134)
For documentation on this error, please visit: https://selenium.dev/exceptions/#no_such_element
Build info: version: &apos;4.0.0&apos;, revision: &apos;3a21814679&apos;
System info: host: &apos;Anirbans-MacBook-Air.local&apos;, ip: &apos;fe80:0:0:0:458:2529:c144:274c%en0&apos;, os.name: &apos;Mac OS X&apos;, os.arch: &apos;aarch64&apos;, os.version: &apos;12.5&apos;, java.version: &apos;18.0.2&apos;
Driver info: org.openqa.selenium.chrome.ChromeDriver
Command: [d047bf2b64881787f07f0d4edbe9068e, findElement {using=xpath, value=//a[@data-test=&apos;preorder.profile.orders-history-link&apos;]//span[2]}]
Capabilities {acceptInsecureCerts: false, browserName: chrome, browserVersion: 103.0.5060.134, chrome: {chromedriverVersion: 103.0.5060.134 (8ec6fce403b..., userDataDir: /var/folders/q2/k3729y2s5zz...}, goog:chromeOptions: {debuggerAddress: localhost:62554}, javascriptEnabled: true, networkConnectionEnabled: false, pageLoadStrategy: normal, platform: MAC, platformName: MAC, proxy: Proxy(), se:cdp: ws://localhost:62554/devtoo..., se:cdpVersion: 103.0.5060.134, setWindowRect: true, strictFileInteractability: false, timeouts: {implicit: 0, pageLoad: 300000, script: 30000}, unhandledPromptBehavior: dismiss and notify, webauthn:extension:credBlob: true, webauthn:extension:largeBlob: true, webauthn:virtualAuthenticators: true}
Session ID: d047bf2b64881787f07f0d4edbe9068e
	at java.base/jdk.internal.reflect.DirectConstructorHandleAccessor.newInstance(DirectConstructorHandleAccessor.java:67)
	at java.base/java.lang.reflect.Constructor.newInstanceWithCaller(Constructor.java:499)
	at java.base/java.lang.reflect.Constructor.newInstance(Constructor.java:483)
	at org.openqa.selenium.remote.codec.w3c.W3CHttpResponseCodec.createException(W3CHttpResponseCodec.java:200)
	at org.openqa.selenium.remote.codec.w3c.W3CHttpResponseCodec.decode(W3CHttpResponseCodec.java:133)
	at org.openqa.selenium.remote.codec.w3c.W3CHttpResponseCodec.decode(W3CHttpResponseCodec.java:53)
	at org.openqa.selenium.remote.HttpCommandExecutor.execute(HttpCommandExecutor.java:184)
	at org.openqa.selenium.remote.service.DriverCommandExecutor.invokeExecute(DriverCommandExecutor.java:164)
	at org.openqa.selenium.remote.service.DriverCommandExecutor.execute(DriverCommandExecutor.java:139)
	at org.openqa.selenium.remote.RemoteWebDriver.execute(RemoteWebDriver.java:559)
	at org.openqa.selenium.remote.ElementLocation$ElementFinder$2.findElement(ElementLocation.java:162)
	at org.openqa.selenium.remote.ElementLocation.findElement(ElementLocation.java:60)
	at org.openqa.selenium.remote.RemoteWebDriver.findElement(RemoteWebDriver.java:383)
	at org.openqa.selenium.remote.RemoteWebDriver.findElement(RemoteWebDriver.java:375)
	at org.openqa.selenium.support.pagefactory.DefaultElementLocator.findElement(DefaultElementLocator.java:70)
	at org.openqa.selenium.support.pagefactory.internal.LocatingElementHandler.invoke(LocatingElementHandler.java:39)
	at jdk.proxy2/jdk.proxy2.$Proxy32.isDisplayed(Unknown Source)
	at org.openqa.selenium.support.ui.ExpectedConditions.elementIfVisible(ExpectedConditions.java:307)
	at org.openqa.selenium.support.ui.ExpectedConditions.access$000(ExpectedConditions.java:40)
	at org.openqa.selenium.support.ui.ExpectedConditions$10.apply(ExpectedConditions.java:293)
	at org.openqa.selenium.support.ui.ExpectedConditions$10.apply(ExpectedConditions.java:290)
	at org.openqa.selenium.support.ui.FluentWait.until(FluentWait.java:208)
	at Runner.UIStepDefs.signup_must_be_successful(UIStepDefs.java:91)
	at java.base/jdk.internal.reflect.DirectMethodHandleAccessor.invoke(DirectMethodHandleAccessor.java:104)
	at java.base/java.lang.reflect.Method.invoke(Method.java:577)
	at io.cucumber.java.Invoker.doInvoke(Invoker.java:66)
	at io.cucumber.java.Invoker.invoke(Invoker.java:24)
	at io.cucumber.java.AbstractGlueDefinition.invokeMethod(AbstractGlueDefinition.java:47)
	at io.cucumber.java.JavaStepDefinition.execute(JavaStepDefinition.java:29)
	at io.cucumber.core.runner.CoreStepDefinition.execute(CoreStepDefinition.java:66)
	at io.cucumber.core.runner.PickleStepDefinitionMatch.runStep(PickleStepDefinitionMatch.java:63)
	at io.cucumber.core.runner.ExecutionMode$1.execute(ExecutionMode.java:10)
	at io.cucumber.core.runner.TestStep.executeStep(TestStep.java:85)
	at io.cucumber.core.runner.TestStep.run(TestStep.java:57)
	at io.cucumber.core.runner.PickleStepTestStep.run(PickleStepTestStep.java:51)
	at io.cucumber.core.runner.TestCase.run(TestCase.java:84)
	at io.cucumber.core.runner.Runner.runPickle(Runner.java:75)
	at io.cucumber.testng.TestNGCucumberRunner.lambda$runScenario$1(TestNGCucumberRunner.java:132)
	at io.cucumber.core.runtime.CucumberExecutionContext.lambda$runTestCase$5(CucumberExecutionContext.java:129)
	at io.cucumber.core.runtime.RethrowingThrowableCollector.executeAndThrow(RethrowingThrowableCollector.java:23)
	at io.cucumber.core.runtime.CucumberExecutionContext.runTestCase(CucumberExecutionContext.java:129)
	at io.cucumber.testng.TestNGCucumberRunner.runScenario(TestNGCucumberRunner.java:129)
	at io.cucumber.testng.AbstractTestNGCucumberTests.runScenario(AbstractTestNGCucumberTests.java:35)
	at java.base/jdk.internal.reflect.DirectMethodHandleAccessor.invoke(DirectMethodHandleAccessor.java:104)
	at java.base/java.lang.reflect.Method.invoke(Method.java:577)
	at org.testng.internal.MethodInvocationHelper.invokeMethod(MethodInvocationHelper.java:133)
	at org.testng.internal.TestInvoker.invokeMethod(TestInvoker.java:598)
	at org.testng.internal.TestInvoker.invokeTestMethod(TestInvoker.java:173)
	at org.testng.internal.TestMethodWithDataProviderMethodWorker.call(TestMethodWithDataProviderMethodWorker.java:77)
	at org.testng.internal.TestMethodWithDataProviderMethodWorker.call(TestMethodWithDataProviderMethodWorker.java:15)
	at java.base/java.util.concurrent.FutureTask.run(FutureTask.java:264)
	at java.base/java.util.concurrent.Executors$RunnableAdapter.call(Executors.java:539)
	at java.base/java.util.concurrent.FutureTask.run(FutureTask.java:264)
	at java.base/java.util.concurrent.ThreadPoolExecutor.runWorker(ThreadPoolExecutor.java:1136)
	at java.base/java.util.concurrent.ThreadPoolExecutor$Worker.run(ThreadPoolExecutor.java:635)
	at java.base/java.lang.Thread.run(Thread.java:833)
</pre></div></td>
<td>42</td>
<td>Runner.RunnerTest@6e4784bc</td></tr>
</table><p>
<table width='100%' border='1' class='invocation-passed'>
<tr><td colspan='4' align='center'><b>PASSED TESTS</b></td></tr>
<tr><td><b>Test method</b></td>
<td width="30%"><b>Exception</b></td>
<td width="10%"><b>Time (seconds)</b></td>
<td><b>Instance</b></td>
</tr>
<tr>
<td title='Runner.RunnerTest.runScenario()'><b>runScenario</b><br>Test class: Runner.RunnerTest<br>Test method: Runs Cucumber Scenarios<br>Parameters: "Login with Invalid entries", "Optional[Validate login functionality]"</td>
<td></td>
<td>12</td>
<td>Runner.RunnerTest@6e4784bc</td></tr>
<tr>
<td title='Runner.RunnerTest.runScenario()'><b>runScenario</b><br>Test class: Runner.RunnerTest<br>Test method: Runs Cucumber Scenarios<br>Parameters: "Sign Up fails for invalid data", "Optional[Validate signup functionality using Rest Api]"</td>
<td></td>
<td>2</td>
<td>Runner.RunnerTest@6e4784bc</td></tr>
<tr>
<td title='Runner.RunnerTest.runScenario()'><b>runScenario</b><br>Test class: Runner.RunnerTest<br>Test method: Runs Cucumber Scenarios<br>Parameters: "Sign Up fails for invalid data", "Optional[Validate signup functionality using Rest Api]"</td>
<td></td>
<td>2</td>
<td>Runner.RunnerTest@6e4784bc</td></tr>
<tr>
<td title='Runner.RunnerTest.runScenario()'><b>runScenario</b><br>Test class: Runner.RunnerTest<br>Test method: Runs Cucumber Scenarios<br>Parameters: "Successful API Login with valid entries", "Optional[Validate login functionality using Rest Api]"</td>
<td></td>
<td>2</td>
<td>Runner.RunnerTest@6e4784bc</td></tr>
<tr>
<td title='Runner.RunnerTest.runScenario()'><b>runScenario</b><br>Test class: Runner.RunnerTest<br>Test method: Runs Cucumber Scenarios<br>Parameters: "Login with Invalid entries", "Optional[Validate login functionality]"</td>
<td></td>
<td>11</td>
<td>Runner.RunnerTest@6e4784bc</td></tr>
<tr>
<td title='Runner.RunnerTest.runScenario()'><b>runScenario</b><br>Test class: Runner.RunnerTest<br>Test method: Runs Cucumber Scenarios<br>Parameters: "Sign Up fails for invalid data", "Optional[Validate signup functionality using Rest Api]"</td>
<td></td>
<td>3</td>
<td>Runner.RunnerTest@6e4784bc</td></tr>
<tr>
<td title='Runner.RunnerTest.runScenario()'><b>runScenario</b><br>Test class: Runner.RunnerTest<br>Test method: Runs Cucumber Scenarios<br>Parameters: "Successful Sign Up with valid data", "Optional[Validate signup functionality using Rest Api]"</td>
<td></td>
<td>4</td>
<td>Runner.RunnerTest@6e4784bc</td></tr>
<tr>
<td title='Runner.RunnerTest.runScenario()'><b>runScenario</b><br>Test class: Runner.RunnerTest<br>Test method: Runs Cucumber Scenarios<br>Parameters: "Signup with Invalid entries", "Optional[Validate Signup functionality]"</td>
<td></td>
<td>12</td>
<td>Runner.RunnerTest@6e4784bc</td></tr>
<tr>
<td title='Runner.RunnerTest.runScenario()'><b>runScenario</b><br>Test class: Runner.RunnerTest<br>Test method: Runs Cucumber Scenarios<br>Parameters: "Signup with Invalid entries", "Optional[Validate Signup functionality]"</td>
<td></td>
<td>12</td>
<td>Runner.RunnerTest@6e4784bc</td></tr>
<tr>
<td title='Runner.RunnerTest.runScenario()'><b>runScenario</b><br>Test class: Runner.RunnerTest<br>Test method: Runs Cucumber Scenarios<br>Parameters: "API Login fails with invalid entries", "Optional[Validate login functionality using Rest Api]"</td>
<td></td>
<td>2</td>
<td>Runner.RunnerTest@6e4784bc</td></tr>
<tr>
<td title='Runner.RunnerTest.runScenario()'><b>runScenario</b><br>Test class: Runner.RunnerTest<br>Test method: Runs Cucumber Scenarios<br>Parameters: "Login with Invalid entries", "Optional[Validate login functionality]"</td>
<td></td>
<td>10</td>
<td>Runner.RunnerTest@6e4784bc</td></tr>
<tr>
<td title='Runner.RunnerTest.runScenario()'><b>runScenario</b><br>Test class: Runner.RunnerTest<br>Test method: Runs Cucumber Scenarios<br>Parameters: "Sign Up fails for invalid data", "Optional[Validate signup functionality using Rest Api]"</td>
<td></td>
<td>2</td>
<td>Runner.RunnerTest@6e4784bc</td></tr>
<tr>
<td title='Runner.RunnerTest.runScenario()'><b>runScenario</b><br>Test class: Runner.RunnerTest<br>Test method: Runs Cucumber Scenarios<br>Parameters: "Login with Invalid entries", "Optional[Validate login functionality]"</td>
<td></td>
<td>15</td>
<td>Runner.RunnerTest@6e4784bc</td></tr>
<tr>
<td title='Runner.RunnerTest.runScenario()'><b>runScenario</b><br>Test class: Runner.RunnerTest<br>Test method: Runs Cucumber Scenarios<br>Parameters: "Sign Up fails for invalid data", "Optional[Validate signup functionality using Rest Api]"</td>
<td></td>
<td>2</td>
<td>Runner.RunnerTest@6e4784bc</td></tr>
<tr>
<td title='Runner.RunnerTest.runScenario()'><b>runScenario</b><br>Test class: Runner.RunnerTest<br>Test method: Runs Cucumber Scenarios<br>Parameters: "Login with Invalid entries", "Optional[Validate login functionality]"</td>
<td></td>
<td>11</td>
<td>Runner.RunnerTest@6e4784bc</td></tr>
<tr>
<td title='Runner.RunnerTest.runScenario()'><b>runScenario</b><br>Test class: Runner.RunnerTest<br>Test method: Runs Cucumber Scenarios<br>Parameters: "Successful Login with Valid entries", "Optional[Validate login functionality]"</td>
<td></td>
<td>13</td>
<td>Runner.RunnerTest@6e4784bc</td></tr>
<tr>
<td title='Runner.RunnerTest.runScenario()'><b>runScenario</b><br>Test class: Runner.RunnerTest<br>Test method: Runs Cucumber Scenarios<br>Parameters: "Signup with Invalid entries", "Optional[Validate Signup functionality]"</td>
<td></td>
<td>6</td>
<td>Runner.RunnerTest@6e4784bc</td></tr>
<tr>
<td title='Runner.RunnerTest.runScenario()'><b>runScenario</b><br>Test class: Runner.RunnerTest<br>Test method: Runs Cucumber Scenarios<br>Parameters: "Signup with Invalid entries", "Optional[Validate Signup functionality]"</td>
<td></td>
<td>7</td>
<td>Runner.RunnerTest@6e4784bc</td></tr>
<tr>
<td title='Runner.RunnerTest.runScenario()'><b>runScenario</b><br>Test class: Runner.RunnerTest<br>Test method: Runs Cucumber Scenarios<br>Parameters: "Login with Invalid entries", "Optional[Validate login functionality]"</td>
<td></td>
<td>10</td>
<td>Runner.RunnerTest@6e4784bc</td></tr>
<tr>
<td title='Runner.RunnerTest.runScenario()'><b>runScenario</b><br>Test class: Runner.RunnerTest<br>Test method: Runs Cucumber Scenarios<br>Parameters: "Signup with Invalid entries", "Optional[Validate Signup functionality]"</td>
<td></td>
<td>9</td>
<td>Runner.RunnerTest@6e4784bc</td></tr>
</table><p>
</body>
</html>